# JRE version: OpenJDK Runtime Environment (24.0.1+9) (build 24.0.1+9-30)
# Java VM: OpenJDK 64-Bit Server VM (24.0.1+9-30, mixed mode, emulated-client, sharing, tiered, compressed oops, compressed class ptrs, g1 gc, windows-amd64)
GC Precious Log:
 CardTable entry size: 512
 Card Set container configuration: InlinePtr #cards 4 size 8 Array Of Cards #cards 32 size 80 Howl #buckets 8 coarsen threshold 7372 Howl Bitmap #cards 1024 size 144 coarsen threshold 921 Card regions per heap region 1 cards per card region 8192
 CPUs: 16 total, 16 available
 Memory: 32690M
 Large Page Support: Disabled
 NUMA Support: Disabled
 Compressed Oops: Enabled (Zero based)
 Heap Region Size: 4M
 Heap Min Capacity: 8M
 Heap Initial Capacity: 512M
 Heap Max Capacity: 8176M
 Pre-touch: Disabled
 Parallel Workers: 13
 Concurrent Workers: 3
 Concurrent Refinement Workers: 13
 Periodic GC: Disabled
Heap:
 garbage-first heap   total reserved 8372224K, committed 86016K, used 45163K [0x0000000601000000, 0x0000000800000000)
  region size 4096K, 5 young (20480K), 1 survivors (4096K)
 Metaspace       used 82859K, committed 83520K, reserved 1179648K
  class space    used 9278K, committed 9536K, reserved 1048576K
GC Heap History (20 events):
Event: 1.649 GC heap before
{Heap before GC invocations=4 (full 0):
 garbage-first heap   total reserved 8372224K, committed 102400K, used 63120K [0x0000000601000000, 0x0000000800000000)
  region size 4096K, 15 young (61440K), 4 survivors (16384K)
 Metaspace       used 32861K, committed 33216K, reserved 1114112K
  class space    used 3488K, committed 3648K, reserved 1048576K
}
Event: 1.654 GC heap after
{Heap after GC invocations=5 (full 0):
 garbage-first heap   total reserved 8372224K, committed 102400K, used 20082K [0x0000000601000000, 0x0000000800000000)
  region size 4096K, 1 young (4096K), 1 survivors (4096K)
 Metaspace       used 32861K, committed 33216K, reserved 1114112K
  class space    used 3488K, committed 3648K, reserved 1048576K
}
Event: 1.834 GC heap before
{Heap before GC invocations=5 (full 0):
 garbage-first heap   total reserved 8372224K, committed 102400K, used 40562K [0x0000000601000000, 0x0000000800000000)
  region size 4096K, 7 young (28672K), 1 survivors (4096K)
 Metaspace       used 35741K, committed 36096K, reserved 1114112K
  class space    used 3846K, committed 3968K, reserved 1048576K
}
Event: 1.835 GC heap after
{Heap after GC invocations=6 (full 0):
 garbage-first heap   total reserved 8372224K, committed 102400K, used 20838K [0x0000000601000000, 0x0000000800000000)
  region size 4096K, 1 young (4096K), 1 survivors (4096K)
 Metaspace       used 35741K, committed 36096K, reserved 1114112K
  class space    used 3846K, committed 3968K, reserved 1048576K
}
Event: 2.209 GC heap before
{Heap before GC invocations=7 (full 0):
 garbage-first heap   total reserved 8372224K, committed 81920K, used 69990K [0x0000000601000000, 0x0000000800000000)
  region size 4096K, 13 young (53248K), 1 survivors (4096K)
 Metaspace       used 43520K, committed 44032K, reserved 1114112K
  class space    used 4676K, committed 4928K, reserved 1048576K
}
Event: 2.211 GC heap after
{Heap after GC invocations=8 (full 0):
 garbage-first heap   total reserved 8372224K, committed 81920K, used 24236K [0x0000000601000000, 0x0000000800000000)
  region size 4096K, 2 young (8192K), 2 survivors (8192K)
 Metaspace       used 43520K, committed 44032K, reserved 1114112K
  class space    used 4676K, committed 4928K, reserved 1048576K
}
Event: 2.536 GC heap before
{Heap before GC invocations=8 (full 0):
 garbage-first heap   total reserved 8372224K, committed 81920K, used 57004K [0x0000000601000000, 0x0000000800000000)
  region size 4096K, 11 young (45056K), 2 survivors (8192K)
 Metaspace       used 51735K, committed 52224K, reserved 1114112K
  class space    used 5594K, committed 5824K, reserved 1048576K
}
Event: 2.539 GC heap after
{Heap after GC invocations=9 (full 0):
 garbage-first heap   total reserved 8372224K, committed 81920K, used 26125K [0x0000000601000000, 0x0000000800000000)
  region size 4096K, 2 young (8192K), 2 survivors (8192K)
 Metaspace       used 51735K, committed 52224K, reserved 1114112K
  class space    used 5594K, committed 5824K, reserved 1048576K
}
Event: 2.845 GC heap before
{Heap before GC invocations=9 (full 0):
 garbage-first heap   total reserved 8372224K, committed 81920K, used 54797K [0x0000000601000000, 0x0000000800000000)
  region size 4096K, 10 young (40960K), 2 survivors (8192K)
 Metaspace       used 59775K, committed 60288K, reserved 1114112K
  class space    used 6339K, committed 6528K, reserved 1048576K
}
Event: 2.847 GC heap after
{Heap after GC invocations=10 (full 0):
 garbage-first heap   total reserved 8372224K, committed 81920K, used 27323K [0x0000000601000000, 0x0000000800000000)
  region size 4096K, 1 young (4096K), 1 survivors (4096K)
 Metaspace       used 59775K, committed 60288K, reserved 1114112K
  class space    used 6339K, committed 6528K, reserved 1048576K
}
Event: 3.217 GC heap before
{Heap before GC invocations=11 (full 0):
 garbage-first heap   total reserved 8372224K, committed 81920K, used 64187K [0x0000000601000000, 0x0000000800000000)
  region size 4096K, 11 young (45056K), 1 survivors (4096K)
 Metaspace       used 65398K, committed 65984K, reserved 1114112K
  class space    used 7180K, committed 7424K, reserved 1048576K
}
Event: 3.219 GC heap after
{Heap after GC invocations=12 (full 0):
 garbage-first heap   total reserved 8372224K, committed 81920K, used 28673K [0x0000000601000000, 0x0000000800000000)
  region size 4096K, 2 young (8192K), 2 survivors (8192K)
 Metaspace       used 65398K, committed 65984K, reserved 1114112K
  class space    used 7180K, committed 7424K, reserved 1048576K
}
Event: 3.498 GC heap before
{Heap before GC invocations=12 (full 0):
 garbage-first heap   total reserved 8372224K, committed 81920K, used 65537K [0x0000000601000000, 0x0000000800000000)
  region size 4096K, 11 young (45056K), 2 survivors (8192K)
 Metaspace       used 69903K, committed 70400K, reserved 1114112K
  class space    used 7667K, committed 7872K, reserved 1048576K
}
Event: 3.502 GC heap after
{Heap after GC invocations=13 (full 0):
 garbage-first heap   total reserved 8372224K, committed 86016K, used 30615K [0x0000000601000000, 0x0000000800000000)
  region size 4096K, 2 young (8192K), 2 survivors (8192K)
 Metaspace       used 69903K, committed 70400K, reserved 1114112K
  class space    used 7667K, committed 7872K, reserved 1048576K
}
Event: 3.768 GC heap before
{Heap before GC invocations=13 (full 0):
 garbage-first heap   total reserved 8372224K, committed 86016K, used 63383K [0x0000000601000000, 0x0000000800000000)
  region size 4096K, 10 young (40960K), 2 survivors (8192K)
 Metaspace       used 73218K, committed 73792K, reserved 1179648K
  class space    used 8114K, committed 8320K, reserved 1048576K
}
Event: 3.771 GC heap after
{Heap after GC invocations=14 (full 0):
 garbage-first heap   total reserved 8372224K, committed 86016K, used 33769K [0x0000000601000000, 0x0000000800000000)
  region size 4096K, 2 young (8192K), 2 survivors (8192K)
 Metaspace       used 73218K, committed 73792K, reserved 1179648K
  class space    used 8114K, committed 8320K, reserved 1048576K
}
Event: 9.814 GC heap before
{Heap before GC invocations=14 (full 0):
 garbage-first heap   total reserved 8372224K, committed 86016K, used 62441K [0x0000000601000000, 0x0000000800000000)
  region size 4096K, 10 young (40960K), 2 survivors (8192K)
 Metaspace       used 77355K, committed 78016K, reserved 1179648K
  class space    used 8616K, committed 8896K, reserved 1048576K
}
Event: 9.817 GC heap after
{Heap after GC invocations=15 (full 0):
 garbage-first heap   total reserved 8372224K, committed 86016K, used 35786K [0x0000000601000000, 0x0000000800000000)
  region size 4096K, 2 young (8192K), 2 survivors (8192K)
 Metaspace       used 77355K, committed 78016K, reserved 1179648K
  class space    used 8616K, committed 8896K, reserved 1048576K
}
Event: 13.150 GC heap before
{Heap before GC invocations=15 (full 0):
 garbage-first heap   total reserved 8372224K, committed 86016K, used 64458K [0x0000000601000000, 0x0000000800000000)
  region size 4096K, 9 young (36864K), 2 survivors (8192K)
 Metaspace       used 82240K, committed 82880K, reserved 1179648K
  class space    used 9202K, committed 9472K, reserved 1048576K
}
Event: 13.152 GC heap after
{Heap after GC invocations=16 (full 0):
 garbage-first heap   total reserved 8372224K, committed 86016K, used 36971K [0x0000000601000000, 0x0000000800000000)
  region size 4096K, 1 young (4096K), 1 survivors (4096K)
 Metaspace       used 82240K, committed 82880K, reserved 1179648K
  class space    used 9202K, committed 9472K, reserved 1048576K
}

